# JRE version: Java(TM) SE Runtime Environment (8.0_51-b16) (build 1.8.0_51-b16)
# Java VM: Java HotSpot(TM) 64-Bit Server VM (25.51-b03 mixed mode windows-amd64 compressed oops)
Heap:
 PSYoungGen      total 15360K, used 2105K [0x0000000780f80000, 0x0000000781f80000, 0x00000007c0000000)
  eden space 14848K, 12% used [0x0000000780f80000,0x00000007811564e0,0x0000000781e00000)
  from space 512K, 43% used [0x0000000781f00000,0x0000000781f38000,0x0000000781f80000)
  to   space 512K, 0% used [0x0000000781e80000,0x0000000781e80000,0x0000000781f00000)
 ParOldGen       total 67584K, used 40307K [0x0000000702e00000, 0x0000000707000000, 0x0000000780f80000)
  object space 67584K, 59% used [0x0000000702e00000,0x000000070555cf38,0x0000000707000000)
 Metaspace       used 20955K, capacity 21156K, committed 21552K, reserved 1069056K
  class space    used 1841K, capacity 1920K, committed 1920K, reserved 1048576K
GC Heap History (10 events):
Event: 101633.849 GC heap before
{Heap before GC invocations=32548 (full 6):
 PSYoungGen      total 15360K, used 15072K [0x0000000780f80000, 0x0000000781f80000, 0x00000007c0000000)
  eden space 14848K, 100% used [0x0000000780f80000,0x0000000781e00000,0x0000000781e00000)
  from space 512K, 43% used [0x0000000781e80000,0x0000000781eb8000,0x0000000781f00000)
  to   space 512K, 0% used [0x0000000781f00000,0x0000000781f00000,0x0000000781f80000)
 ParOldGen       total 67584K, used 40307K [0x0000000702e00000, 0x0000000707000000, 0x0000000780f80000)
  object space 67584K, 59% used [0x0000000702e00000,0x000000070555cf38,0x0000000707000000)
 Metaspace       used 20952K, capacity 21156K, committed 21552K, reserved 1069056K
  class space    used 1840K, capacity 1920K, committed 1920K, reserved 1048576K
Event: 101633.850 GC heap after
Heap after GC invocations=32548 (full 6):
 PSYoungGen      total 15360K, used 224K [0x0000000780f80000, 0x0000000781f80000, 0x00000007c0000000)
  eden space 14848K, 0% used [0x0000000780f80000,0x0000000780f80000,0x0000000781e00000)
  from space 512K, 43% used [0x0000000781f00000,0x0000000781f38000,0x0000000781f80000)
  to   space 512K, 0% used [0x0000000781e80000,0x0000000781e80000,0x0000000781f00000)
 ParOldGen       total 67584K, used 40307K [0x0000000702e00000, 0x0000000707000000, 0x0000000780f80000)
  object space 67584K, 59% used [0x0000000702e00000,0x000000070555cf38,0x0000000707000000)
 Metaspace       used 20952K, capacity 21156K, committed 21552K, reserved 1069056K
  class space    used 1840K, capacity 1920K, committed 1920K, reserved 1048576K
}
Event: 101640.517 GC heap before
{Heap before GC invocations=32549 (full 6):
 PSYoungGen      total 15360K, used 15072K [0x0000000780f80000, 0x0000000781f80000, 0x00000007c0000000)
  eden space 14848K, 100% used [0x0000000780f80000,0x0000000781e00000,0x0000000781e00000)
  from space 512K, 43% used [0x0000000781f00000,0x0000000781f38000,0x0000000781f80000)
  to   space 512K, 0% used [0x0000000781e80000,0x0000000781e80000,0x0000000781f00000)
 ParOldGen       total 67584K, used 40307K [0x0000000702e00000, 0x0000000707000000, 0x0000000780f80000)
  object space 67584K, 59% used [0x0000000702e00000,0x000000070555cf38,0x0000000707000000)
 Metaspace       used 20952K, capacity 21156K, committed 21552K, reserved 1069056K
  class space    used 1840K, capacity 1920K, committed 1920K, reserved 1048576K
Event: 101640.518 GC heap after
Heap after GC invocations=32549 (full 6):
 PSYoungGen      total 15360K, used 224K [0x0000000780f80000, 0x0000000781f80000, 0x00000007c0000000)
  eden space 14848K, 0% used [0x0000000780f80000,0x0000000780f80000,0x0000000781e00000)
  from space 512K, 43% used [0x0000000781e80000,0x0000000781eb8000,0x0000000781f00000)
  to   space 512K, 0% used [0x0000000781f00000,0x0000000781f00000,0x0000000781f80000)
 ParOldGen       total 67584K, used 40307K [0x0000000702e00000, 0x0000000707000000, 0x0000000780f80000)
  object space 67584K, 59% used [0x0000000702e00000,0x000000070555cf38,0x0000000707000000)
 Metaspace       used 20952K, capacity 21156K, committed 21552K, reserved 1069056K
  class space    used 1840K, capacity 1920K, committed 1920K, reserved 1048576K
}
Event: 101647.126 GC heap before
{Heap before GC invocations=32550 (full 6):
 PSYoungGen      total 15360K, used 15072K [0x0000000780f80000, 0x0000000781f80000, 0x00000007c0000000)
  eden space 14848K, 100% used [0x0000000780f80000,0x0000000781e00000,0x0000000781e00000)
  from space 512K, 43% used [0x0000000781e80000,0x0000000781eb8000,0x0000000781f00000)
  to   space 512K, 0% used [0x0000000781f00000,0x0000000781f00000,0x0000000781f80000)
 ParOldGen       total 67584K, used 40307K [0x0000000702e00000, 0x0000000707000000, 0x0000000780f80000)
  object space 67584K, 59% used [0x0000000702e00000,0x000000070555cf38,0x0000000707000000)
 Metaspace       used 20952K, capacity 21156K, committed 21552K, reserved 1069056K
  class space    used 1840K, capacity 1920K, committed 1920K, reserved 1048576K
Event: 101647.127 GC heap after
Heap after GC invocations=32550 (full 6):
 PSYoungGen      total 15360K, used 192K [0x0000000780f80000, 0x0000000781f80000, 0x00000007c0000000)
  eden space 14848K, 0% used [0x0000000780f80000,0x0000000780f80000,0x0000000781e00000)
  from space 512K, 37% used [0x0000000781f00000,0x0000000781f30000,0x0000000781f80000)
  to   space 512K, 0% used [0x0000000781e80000,0x0000000781e80000,0x0000000781f00000)
 ParOldGen       total 67584K, used 40307K [0x0000000702e00000, 0x0000000707000000, 0x0000000780f80000)
  object space 67584K, 59% used [0x0000000702e00000,0x000000070555cf38,0x0000000707000000)
 Metaspace       used 20952K, capacity 21156K, committed 21552K, reserved 1069056K
  class space    used 1840K, capacity 1920K, committed 1920K, reserved 1048576K
}
Event: 101653.853 GC heap before
{Heap before GC invocations=32551 (full 6):
 PSYoungGen      total 15360K, used 15040K [0x0000000780f80000, 0x0000000781f80000, 0x00000007c0000000)
  eden space 14848K, 100% used [0x0000000780f80000,0x0000000781e00000,0x0000000781e00000)
  from space 512K, 37% used [0x0000000781f00000,0x0000000781f30000,0x0000000781f80000)
  to   space 512K, 0% used [0x0000000781e80000,0x0000000781e80000,0x0000000781f00000)
 ParOldGen       total 67584K, used 40307K [0x0000000702e00000, 0x0000000707000000, 0x0000000780f80000)
  object space 67584K, 59% used [0x0000000702e00000,0x000000070555cf38,0x0000000707000000)
 Metaspace       used 20952K, capacity 21156K, committed 21552K, reserved 1069056K
  class space    used 1840K, capacity 1920K, committed 1920K, reserved 1048576K
Event: 101653.854 GC heap after
Heap after GC invocations=32551 (full 6):
 PSYoungGen      total 15360K, used 160K [0x0000000780f80000, 0x0000000781f80000, 0x00000007c0000000)
  eden space 14848K, 0% used [0x0000000780f80000,0x0000000780f80000,0x0000000781e00000)
  from space 512K, 31% used [0x0000000781e80000,0x0000000781ea8000,0x0000000781f00000)
  to   space 512K, 0% used [0x0000000781f00000,0x0000000781f00000,0x0000000781f80000)
 ParOldGen       total 67584K, used 40307K [0x0000000702e00000, 0x0000000707000000, 0x0000000780f80000)
  object space 67584K, 59% used [0x0000000702e00000,0x000000070555cf38,0x0000000707000000)
 Metaspace       used 20952K, capacity 21156K, committed 21552K, reserved 1069056K
  class space    used 1840K, capacity 1920K, committed 1920K, reserved 1048576K
}
Event: 101660.580 GC heap before
{Heap before GC invocations=32552 (full 6):
 PSYoungGen      total 15360K, used 15008K [0x0000000780f80000, 0x0000000781f80000, 0x00000007c0000000)
  eden space 14848K, 100% used [0x0000000780f80000,0x0000000781e00000,0x0000000781e00000)
  from space 512K, 31% used [0x0000000781e80000,0x0000000781ea8000,0x0000000781f00000)
  to   space 512K, 0% used [0x0000000781f00000,0x0000000781f00000,0x0000000781f80000)
 ParOldGen       total 67584K, used 40307K [0x0000000702e00000, 0x0000000707000000, 0x0000000780f80000)
  object space 67584K, 59% used [0x0000000702e00000,0x000000070555cf38,0x0000000707000000)
 Metaspace       used 20955K, capacity 21156K, committed 21552K, reserved 1069056K
  class space    used 1841K, capacity 1920K, committed 1920K, reserved 1048576K
Event: 101660.581 GC heap after
Heap after GC invocations=32552 (full 6):
 PSYoungGen      total 15360K, used 224K [0x0000000780f80000, 0x0000000781f80000, 0x00000007c0000000)
  eden space 14848K, 0% used [0x0000000780f80000,0x0000000780f80000,0x0000000781e00000)
  from space 512K, 43% used [0x0000000781f00000,0x0000000781f38000,0x0000000781f80000)
  to   space 512K, 0% used [0x0000000781e80000,0x0000000781e80000,0x0000000781f00000)
 ParOldGen       total 67584K, used 40307K [0x0000000702e00000, 0x0000000707000000, 0x0000000780f80000)
  object space 67584K, 59% used [0x0000000702e00000,0x000000070555cf38,0x0000000707000000)
 Metaspace       used 20955K, capacity 21156K, committed 21552K, reserved 1069056K
  class space    used 1841K, capacity 1920K, committed 1920K, reserved 1048576K
}

