# JRE version: Java(TM) SE Runtime Environment (8.0_92-b14) (build 1.8.0_92-b14)
# Java VM: Java HotSpot(TM) 64-Bit Server VM (25.92-b14 mixed mode windows-amd64 compressed oops)
Heap:
 PSYoungGen      total 24064K, used 16865K [0x0000000780f80000, 0x0000000782880000, 0x00000007c0000000)
  eden space 22528K, 73% used [0x0000000780f80000,0x0000000781f9f470,0x0000000782580000)
  from space 1536K, 23% used [0x0000000782700000,0x0000000782759320,0x0000000782880000)
  to   space 1536K, 0% used [0x0000000782580000,0x0000000782580000,0x0000000782700000)
 ParOldGen       total 72192K, used 70638K [0x0000000702e00000, 0x0000000707480000, 0x0000000780f80000)
  object space 72192K, 97% used [0x0000000702e00000,0x00000007072fbae0,0x0000000707480000)
 Metaspace       used 21981K, capacity 22144K, committed 22528K, reserved 1069056K
  class space    used 1917K, capacity 1988K, committed 2048K, reserved 1048576K
GC Heap History (10 events):
Event: 927.452 GC heap before
{Heap before GC invocations=3517 (full 81):
 PSYoungGen      total 24064K, used 23200K [0x0000000780f80000, 0x0000000782880000, 0x00000007c0000000)
  eden space 22528K, 100% used [0x0000000780f80000,0x0000000782580000,0x0000000782580000)
  from space 1536K, 43% used [0x0000000782580000,0x0000000782628000,0x0000000782700000)
  to   space 1536K, 0% used [0x0000000782700000,0x0000000782700000,0x0000000782880000)
 ParOldGen       total 72192K, used 70526K [0x0000000702e00000, 0x0000000707480000, 0x0000000780f80000)
  object space 72192K, 97% used [0x0000000702e00000,0x00000007072dfae0,0x0000000707480000)
 Metaspace       used 21786K, capacity 21984K, committed 22272K, reserved 1069056K
  class space    used 1886K, capacity 1956K, committed 2048K, reserved 1048576K
Event: 927.454 GC heap after
Heap after GC invocations=3517 (full 81):
 PSYoungGen      total 24064K, used 1056K [0x0000000780f80000, 0x0000000782880000, 0x00000007c0000000)
  eden space 22528K, 0% used [0x0000000780f80000,0x0000000780f80000,0x0000000782580000)
  from space 1536K, 68% used [0x0000000782700000,0x0000000782808000,0x0000000782880000)
  to   space 1536K, 0% used [0x0000000782580000,0x0000000782580000,0x0000000782700000)
 ParOldGen       total 72192K, used 70526K [0x0000000702e00000, 0x0000000707480000, 0x0000000780f80000)
  object space 72192K, 97% used [0x0000000702e00000,0x00000007072dfae0,0x0000000707480000)
 Metaspace       used 21786K, capacity 21984K, committed 22272K, reserved 1069056K
  class space    used 1886K, capacity 1956K, committed 2048K, reserved 1048576K
}
Event: 927.643 GC heap before
{Heap before GC invocations=3518 (full 81):
 PSYoungGen      total 24064K, used 23584K [0x0000000780f80000, 0x0000000782880000, 0x00000007c0000000)
  eden space 22528K, 100% used [0x0000000780f80000,0x0000000782580000,0x0000000782580000)
  from space 1536K, 68% used [0x0000000782700000,0x0000000782808000,0x0000000782880000)
  to   space 1536K, 0% used [0x0000000782580000,0x0000000782580000,0x0000000782700000)
 ParOldGen       total 72192K, used 70526K [0x0000000702e00000, 0x0000000707480000, 0x0000000780f80000)
  object space 72192K, 97% used [0x0000000702e00000,0x00000007072dfae0,0x0000000707480000)
 Metaspace       used 21786K, capacity 21984K, committed 22272K, reserved 1069056K
  class space    used 1886K, capacity 1956K, committed 2048K, reserved 1048576K
Event: 927.644 GC heap after
Heap after GC invocations=3518 (full 81):
 PSYoungGen      total 24064K, used 736K [0x0000000780f80000, 0x0000000782880000, 0x00000007c0000000)
  eden space 22528K, 0% used [0x0000000780f80000,0x0000000780f80000,0x0000000782580000)
  from space 1536K, 47% used [0x0000000782580000,0x0000000782638000,0x0000000782700000)
  to   space 1536K, 0% used [0x0000000782700000,0x0000000782700000,0x0000000782880000)
 ParOldGen       total 72192K, used 70526K [0x0000000702e00000, 0x0000000707480000, 0x0000000780f80000)
  object space 72192K, 97% used [0x0000000702e00000,0x00000007072dfae0,0x0000000707480000)
 Metaspace       used 21786K, capacity 21984K, committed 22272K, reserved 1069056K
  class space    used 1886K, capacity 1956K, committed 2048K, reserved 1048576K
}
Event: 927.829 GC heap before
{Heap before GC invocations=3519 (full 81):
 PSYoungGen      total 24064K, used 23264K [0x0000000780f80000, 0x0000000782880000, 0x00000007c0000000)
  eden space 22528K, 100% used [0x0000000780f80000,0x0000000782580000,0x0000000782580000)
  from space 1536K, 47% used [0x0000000782580000,0x0000000782638000,0x0000000782700000)
  to   space 1536K, 0% used [0x0000000782700000,0x0000000782700000,0x0000000782880000)
 ParOldGen       total 72192K, used 70526K [0x0000000702e00000, 0x0000000707480000, 0x0000000780f80000)
  object space 72192K, 97% used [0x0000000702e00000,0x00000007072dfae0,0x0000000707480000)
 Metaspace       used 21786K, capacity 21984K, committed 22272K, reserved 1069056K
  class space    used 1886K, capacity 1956K, committed 2048K, reserved 1048576K
Event: 927.830 GC heap after
Heap after GC invocations=3519 (full 81):
 PSYoungGen      total 24064K, used 224K [0x0000000780f80000, 0x0000000782880000, 0x00000007c0000000)
  eden space 22528K, 0% used [0x0000000780f80000,0x0000000780f80000,0x0000000782580000)
  from space 1536K, 14% used [0x0000000782700000,0x0000000782738000,0x0000000782880000)
  to   space 1536K, 0% used [0x0000000782580000,0x0000000782580000,0x0000000782700000)
 ParOldGen       total 72192K, used 70526K [0x0000000702e00000, 0x0000000707480000, 0x0000000780f80000)
  object space 72192K, 97% used [0x0000000702e00000,0x00000007072dfae0,0x0000000707480000)
 Metaspace       used 21786K, capacity 21984K, committed 22272K, reserved 1069056K
  class space    used 1886K, capacity 1956K, committed 2048K, reserved 1048576K
}
Event: 930.810 GC heap before
{Heap before GC invocations=3520 (full 81):
 PSYoungGen      total 24064K, used 22752K [0x0000000780f80000, 0x0000000782880000, 0x00000007c0000000)
  eden space 22528K, 100% used [0x0000000780f80000,0x0000000782580000,0x0000000782580000)
  from space 1536K, 14% used [0x0000000782700000,0x0000000782738000,0x0000000782880000)
  to   space 1536K, 0% used [0x0000000782580000,0x0000000782580000,0x0000000782700000)
 ParOldGen       total 72192K, used 70526K [0x0000000702e00000, 0x0000000707480000, 0x0000000780f80000)
  object space 72192K, 97% used [0x0000000702e00000,0x00000007072dfae0,0x0000000707480000)
 Metaspace       used 21786K, capacity 21984K, committed 22272K, reserved 1069056K
  class space    used 1886K, capacity 1956K, committed 2048K, reserved 1048576K
Event: 930.811 GC heap after
Heap after GC invocations=3520 (full 81):
 PSYoungGen      total 24064K, used 224K [0x0000000780f80000, 0x0000000782880000, 0x00000007c0000000)
  eden space 22528K, 0% used [0x0000000780f80000,0x0000000780f80000,0x0000000782580000)
  from space 1536K, 14% used [0x0000000782580000,0x00000007825b8000,0x0000000782700000)
  to   space 1536K, 0% used [0x0000000782700000,0x0000000782700000,0x0000000782880000)
 ParOldGen       total 72192K, used 70582K [0x0000000702e00000, 0x0000000707480000, 0x0000000780f80000)
  object space 72192K, 97% used [0x0000000702e00000,0x00000007072edae0,0x0000000707480000)
 Metaspace       used 21786K, capacity 21984K, committed 22272K, reserved 1069056K
  class space    used 1886K, capacity 1956K, committed 2048K, reserved 1048576K
}
Event: 933.598 GC heap before
{Heap before GC invocations=3521 (full 81):
 PSYoungGen      total 24064K, used 22752K [0x0000000780f80000, 0x0000000782880000, 0x00000007c0000000)
  eden space 22528K, 100% used [0x0000000780f80000,0x0000000782580000,0x0000000782580000)
  from space 1536K, 14% used [0x0000000782580000,0x00000007825b8000,0x0000000782700000)
  to   space 1536K, 0% used [0x0000000782700000,0x0000000782700000,0x0000000782880000)
 ParOldGen       total 72192K, used 70582K [0x0000000702e00000, 0x0000000707480000, 0x0000000780f80000)
  object space 72192K, 97% used [0x0000000702e00000,0x00000007072edae0,0x0000000707480000)
 Metaspace       used 21788K, capacity 21984K, committed 22272K, reserved 1069056K
  class space    used 1886K, capacity 1956K, committed 2048K, reserved 1048576K
Event: 933.599 GC heap after
Heap after GC invocations=3521 (full 81):
 PSYoungGen      total 24064K, used 356K [0x0000000780f80000, 0x0000000782880000, 0x00000007c0000000)
  eden space 22528K, 0% used [0x0000000780f80000,0x0000000780f80000,0x0000000782580000)
  from space 1536K, 23% used [0x0000000782700000,0x0000000782759320,0x0000000782880000)
  to   space 1536K, 0% used [0x0000000782580000,0x0000000782580000,0x0000000782700000)
 ParOldGen       total 72192K, used 70638K [0x0000000702e00000, 0x0000000707480000, 0x0000000780f80000)
  object space 72192K, 97% used [0x0000000702e00000,0x00000007072fbae0,0x0000000707480000)
 Metaspace       used 21788K, capacity 21984K, committed 22272K, reserved 1069056K
  class space    used 1886K, capacity 1956K, committed 2048K, reserved 1048576K
}

